2021-04-13T12:50:52.791Z - info: [ui] [AppStore] loading 0 repositories from store
2021-04-13T12:50:52.810Z - info: [ui] [Welcome] no sign in step found. ignoring...
2021-04-13T12:50:52.870Z - info: [ui] [Welcome] no sign in step found. ignoring...
2021-04-13T12:50:52.887Z - info: [ui] launching: 2.7.1-linux1 (Linux 5.11.12-arch1-1)
2021-04-13T12:50:52.887Z - info: [ui] execPath: '/opt/github-desktop/github-desktop'
2021-04-13T12:50:52.888Z - info: [ui] [Welcome] no sign in step found. ignoring...
2021-04-13T12:50:52.911Z - info: [ui] [Welcome] no sign in step found. ignoring...
2021-04-13T12:50:53.503Z - info: [ui] [Welcome] no sign in step found. ignoring...
2021-04-13T12:50:53.766Z - info: [ui] Opt in reported.
2021-04-13T12:50:55.319Z - info: [ui] [Welcome] no sign in step found. ignoring...
2021-04-13T12:50:56.914Z - info: [ui] [Welcome] advancing to step: SignInToDotComWithBrowser
2021-04-13T12:50:56.918Z - info: [ui] [SignInStore] initializing OAuth flow
2021-04-13T12:50:56.925Z - info: [main] opening in browser: https://github.com/login/oauth/authorize?client_id=3a723b10ac5575cc5bb9&scope=repo%20user%20workflow&state=b6c1476e-7178-4c94-9640-df503dad09d9
2021-04-13T12:50:56.928Z - info: [ui] [Welcome] current sign in state not found. ignoring...
2021-04-13T12:50:58.135Z - info: [ui] [Welcome] kind Authentication is the same as Authentication. ignoring...
2021-04-13T12:50:58.535Z - info: [ui] [Welcome] kind Authentication is the same as Authentication. ignoring...
2021-04-13T12:50:58.767Z - info: [ui] [Welcome] kind Authentication is the same as Authentication. ignoring...
2021-04-13T12:55:29.130Z - info: [main] Received possible protocol arguments: 2
2021-04-13T12:55:29.131Z - info: [main] Processing protocol url
2021-04-13T12:55:29.140Z - info: [ui] [Dispatcher] requesting authenticated user
2021-04-13T12:55:29.142Z - info: [ui] [Welcome] kind Authentication is the same as Authentication. ignoring...
2021-04-13T12:55:29.158Z - info: [ui] [Welcome] kind Authentication is the same as Authentication. ignoring...
2021-04-13T12:55:30.540Z - info: [ui] [SignInStore] account resolved
2021-04-13T12:55:30.541Z - info: [ui] [AppStore] adding account AtifUsmani (AtifUsmani) to store
2021-04-13T12:55:30.559Z - info: [ui] [Welcome] advancing to step: ConfigureGit
2021-04-13T12:55:30.656Z - info: [ui] [Welcome] no sign in step found. ignoring...
2021-04-13T12:55:30.740Z - info: [ui] [Welcome] no sign in step found. ignoring...
2021-04-13T12:55:57.058Z - info: [ui] [Welcome] no sign in step found. ignoring...
2021-04-13T12:55:57.462Z - info: [ui] [Welcome] no sign in step found. ignoring...
2021-04-13T12:56:00.331Z - info: [ui] [Welcome] advancing to step: UsageOptOut
2021-04-13T12:59:34.685Z - info: [ui] Opt in reported.
2021-04-13T13:01:25.374Z - info: [ui] [AppStore.getAccountForRemoteURL] account found for remote: https://github.com/AtifUsmani/bspwm-dotfiles.git - AtifUsmani (has token)
2021-04-13T13:01:27.572Z - info: [ui] Executing clone: git -c credential.helper= -c protocol.version=2 -c init.defaultBranch=main clone --recursive --progress -- https://github.com/AtifUsmani/bspwm-dotfiles.git /home/atifu/Documents/GitHub/bspwm-dotfiles (took 2.129s)
2021-04-13T13:01:27.609Z - info: [ui] [AppStore] adding repository at /home/atifu/Documents/GitHub/bspwm-dotfiles to store
2021-04-13T13:01:28.089Z - info: [ui] [BranchPruner] No branches to prune.
